#
# There is insufficient memory for the Java Runtime Environment to continue.
# Native memory allocation (malloc) failed to allocate 262160 bytes for Chunk::new
# Possible reasons:
#   The system is out of physical RAM or swap space
#   The process is running with CompressedOops enabled, and the Java Heap may be blocking the growth of the native heap
# Possible solutions:
#   Reduce memory load on the system
#   Increase physical memory or swap space
#   Check if swap backing store is full
#   Decrease Java heap size (-Xmx/-Xms)
#   Decrease number of Java threads
#   Decrease Java thread stack sizes (-Xss)
#   Set larger code cache with -XX:ReservedCodeCacheSize=
#   JVM is running with Zero Based Compressed Oops mode in which the Java heap is
#     placed in the first 32GB address space. The Java Heap base address is the
#     maximum limit for the native heap growth. Please use -XX:HeapBaseMinAddress
#     to set the Java Heap base and to place the Java Heap above 32GB virtual address.
# This output file may be truncated or incomplete.
#
#  Out of Memory Error (allocation.cpp:389), pid=5012, tid=0x0000000000000218
#
# JRE version: Java(TM) SE Runtime Environment (8.0_202-b08) (build 1.8.0_202-b08)
# Java VM: Java HotSpot(TM) 64-Bit Server VM (25.202-b08 mixed mode windows-amd64 compressed oops)
# Failed to write core dump. Minidumps are not enabled by default on client versions of Windows
#

---------------  T H R E A D  ---------------

Current thread (0x000000001d931000):  JavaThread "C2 CompilerThread0" daemon [_thread_in_native, id=536, stack(0x000000001e230000,0x000000001e330000)]

Stack: [0x000000001e230000,0x000000001e330000]
[error occurred during error reporting (printing stack bounds), id 0xc0000005]

Native frames: (J=compiled Java code, j=interpreted, Vv=VM code, C=native code)


Current CompileTask:
C2:   2226 1522       4       javafx.scene.CssStyleHelper::resolveLookups (521 bytes)


---------------  P R O C E S S  ---------------

Java Threads: ( => current thread )
  0x000000001ed77000 JavaThread "Prism Font Disposer" daemon [_thread_blocked, id=13344, stack(0x0000000026c70000,0x0000000026d70000)]
  0x000000001eb19000 JavaThread "Abandoned connection cleanup thread" daemon [_thread_blocked, id=22204, stack(0x0000000024900000,0x0000000024a00000)]
  0x000000001e94a000 JavaThread "Thread-3" daemon [_thread_in_native, id=17196, stack(0x0000000024200000,0x0000000024300000)]
  0x000000001e938800 JavaThread "JavaFX-Launcher" [_thread_blocked, id=12656, stack(0x0000000024300000,0x0000000024400000)]
  0x000000001e8d4000 JavaThread "JavaFX Application Thread" [_thread_blocked, id=17680, stack(0x000000001f630000,0x000000001f730000)]
  0x000000001e8cc000 JavaThread "Thread-1" daemon [_thread_blocked, id=22648, stack(0x000000001f530000,0x000000001f630000)]
  0x000000001e8a1000 JavaThread "QuantumRenderer-0" daemon [_thread_in_native, id=17016, stack(0x000000001f240000,0x000000001f340000)]
  0x000000001d9ec000 JavaThread "Service Thread" daemon [_thread_blocked, id=21696, stack(0x000000001e630000,0x000000001e730000)]
  0x000000001d93d800 JavaThread "C1 CompilerThread3" daemon [_thread_blocked, id=392, stack(0x000000001e530000,0x000000001e630000)]
  0x000000001d937800 JavaThread "C2 CompilerThread2" daemon [_thread_blocked, id=1316, stack(0x000000001e430000,0x000000001e530000)]
  0x000000001d934800 JavaThread "C2 CompilerThread1" daemon [_thread_blocked, id=22228, stack(0x000000001e330000,0x000000001e430000)]
=>0x000000001d931000 JavaThread "C2 CompilerThread0" daemon [_thread_in_native, id=536, stack(0x000000001e230000,0x000000001e330000)]
  0x000000001d930000 JavaThread "Attach Listener" daemon [_thread_blocked, id=23164, stack(0x000000001e130000,0x000000001e230000)]
  0x000000001d92f000 JavaThread "Signal Dispatcher" daemon [_thread_blocked, id=18204, stack(0x000000001e030000,0x000000001e130000)]
  0x0000000002577800 JavaThread "Finalizer" daemon [_thread_blocked, id=21952, stack(0x000000001de00000,0x000000001df00000)]
  0x000000001d920800 JavaThread "Reference Handler" daemon [_thread_blocked, id=15896, stack(0x000000001dd00000,0x000000001de00000)]
  0x000000000247e800 JavaThread "main" [_thread_blocked, id=16292, stack(0x0000000002320000,0x0000000002420000)]

Other Threads:
  0x000000001bb39800 VMThread [stack: 0x000000001d800000,0x000000001d900000] [id=8420]
  0x000000001d9fe000 WatcherThread [stack: 0x000000001e730000,0x000000001e830000] [id=11388]

VM state:not at safepoint (normal execution)

VM Mutex/Monitor currently owned by a thread: None

heap address: 0x00000006c9400000, size: 3948 MB, Compressed Oops mode: Zero based, Oop shift amount: 3
Narrow klass base: 0x0000000000000000, Narrow klass shift: 3
Compressed class space size: 1073741824 Address: 0x00000007c0000000

Heap:
 PSYoungGen      total 74240K, used 45281K [0x000000076dc00000, 0x0000000772e80000, 0x00000007c0000000)
  eden space 64000K, 70% used [0x000000076dc00000,0x0000000770838510,0x0000000771a80000)
  from space 10240K, 0% used [0x0000000772480000,0x0000000772480000,0x0000000772e80000)
  to   space 10240K, 0% used [0x0000000771a80000,0x0000000771a80000,0x0000000772480000)
 ParOldGen       total 169472K, used 0K [0x00000006c9400000, 0x00000006d3980000, 0x000000076dc00000)
  object space 169472K, 0% used [0x00000006c9400000,0x00000006c9400000,0x00000006d3980000)
 Metaspace       used 19316K, capacity 20374K, committed 20608K, reserved 1067008K
  class space    used 2693K, capacity 2930K, committed 2944K, reserved 1048576K

Card table byte_map: [0x0000000011940000,0x0000000012100000] byte_map_base: 0x000000000e2f6000

Marking Bits: (ParMarkBitMap*) 0x0000000059ca5ce0
 Begin Bits: [0x0000000012e30000, 0x0000000016be0000)
 End Bits:   [0x0000000016be0000, 0x000000001a990000)

Polling page: 0x0000000002260000

CodeCache: size=245760Kb used=5431Kb max_used=5444Kb free=240328Kb
 bounds [0x0000000002580000, 0x0000000002ae0000, 0x0000000011580000]
 total_blobs=2264 nmethods=1596 adapters=580
 compilation: enabled

Compilation events (10 events):
Event: 2.153 Thread 0x000000001d93d800 1579       3       java.util.Arrays::hashCode (56 bytes)
Event: 2.153 Thread 0x000000001d93d800 nmethod 1579 0x0000000002abb350 code [0x0000000002abb4c0, 0x0000000002abb848]
Event: 2.153 Thread 0x000000001d93d800 1577       3       java.lang.invoke.MemberName::hashCode (39 bytes)
Event: 2.154 Thread 0x000000001d93d800 nmethod 1577 0x0000000002ac6890 code [0x0000000002ac6aa0, 0x0000000002ac7848]
Event: 2.154 Thread 0x000000001d93d800 1578       3       java.util.Objects::hash (5 bytes)
Event: 2.154 Thread 0x000000001d93d800 nmethod 1578 0x0000000002abafd0 code [0x0000000002abb140, 0x0000000002abb2a8]
Event: 2.154 Thread 0x000000001d93d800 1580       3       java.lang.Byte::hashCode (8 bytes)
Event: 2.154 Thread 0x000000001d93d800 nmethod 1580 0x0000000002ac7c90 code [0x0000000002ac7de0, 0x0000000002ac7f90]
Event: 2.154 Thread 0x000000001d93d800 1581       3       java.lang.Byte::hashCode (2 bytes)
Event: 2.154 Thread 0x000000001d93d800 nmethod 1581 0x0000000002ac8050 code [0x0000000002ac81a0, 0x0000000002ac82d0]

GC Heap History (0 events):
No events

Deoptimization events (10 events):
Event: 1.679 Thread 0x000000001e8d4000 Uncommon trap: reason=class_check action=maybe_recompile pc=0x00000000027033c0 method=java.lang.String.equals(Ljava/lang/Object;)Z @ 8
Event: 1.681 Thread 0x000000001e8d4000 Uncommon trap: reason=class_check action=maybe_recompile pc=0x00000000027033c0 method=java.lang.String.equals(Ljava/lang/Object;)Z @ 8
Event: 1.749 Thread 0x000000001e8d4000 Uncommon trap: reason=unstable_if action=reinterpret pc=0x00000000028ccc2c method=java.lang.String.regionMatches(ZILjava/lang/String;II)Z @ 123
Event: 1.785 Thread 0x000000001e8d4000 Uncommon trap: reason=unstable_if action=reinterpret pc=0x00000000029549ec method=java.lang.ClassLoader.checkName(Ljava/lang/String;)Z @ 20
Event: 1.998 Thread 0x000000001e8d4000 Uncommon trap: reason=array_check action=maybe_recompile pc=0x00000000029fd02c method=com.sun.javafx.css.SimpleSelector.applies(Ljavafx/css/Styleable;[Ljava/util/Set;I)Z @ 37
Event: 1.998 Thread 0x000000001e8d4000 Uncommon trap: reason=array_check action=maybe_recompile pc=0x00000000029fd02c method=com.sun.javafx.css.SimpleSelector.applies(Ljavafx/css/Styleable;[Ljava/util/Set;I)Z @ 37
Event: 1.998 Thread 0x000000001e8d4000 Uncommon trap: reason=array_check action=maybe_recompile pc=0x00000000029fd02c method=com.sun.javafx.css.SimpleSelector.applies(Ljavafx/css/Styleable;[Ljava/util/Set;I)Z @ 37
Event: 1.998 Thread 0x000000001e8d4000 Uncommon trap: reason=array_check action=maybe_recompile pc=0x00000000029fd02c method=com.sun.javafx.css.SimpleSelector.applies(Ljavafx/css/Styleable;[Ljava/util/Set;I)Z @ 37
Event: 2.081 Thread 0x000000001e8d4000 Uncommon trap: reason=array_check action=maybe_recompile pc=0x0000000002a50034 method=com.sun.javafx.css.SimpleSelector.applies(Ljavafx/css/Styleable;[Ljava/util/Set;I)Z @ 37
Event: 2.127 Thread 0x000000001e8d4000 Uncommon trap: reason=unstable_if action=reinterpret pc=0x0000000002a35ebc method=com.sun.javafx.css.SimpleSelector.stateMatches(Ljavafx/css/Styleable;Ljava/util/Set;)Z @ 1

Classes redefined (0 events):
No events

Internal exceptions (10 events):
Event: 1.162 Thread 0x000000001e8d4000 Exception <a 'java/lang/ArrayIndexOutOfBoundsException'> (0x000000076f07ff60) thrown at [C:\re\workspace\8-2-build-windows-amd64-cygwin\jdk8u202\12323\hotspot\src\share\vm\runtime\sharedRuntime.cpp, line 605]
Event: 1.163 Thread 0x000000001e8d4000 Exception <a 'java/lang/ArrayIndexOutOfBoundsException'> (0x000000076f080a78) thrown at [C:\re\workspace\8-2-build-windows-amd64-cygwin\jdk8u202\12323\hotspot\src\share\vm\runtime\sharedRuntime.cpp, line 605]
Event: 1.163 Thread 0x000000001e8d4000 Exception <a 'java/lang/ArrayIndexOutOfBoundsException'> (0x000000076f081e20) thrown at [C:\re\workspace\8-2-build-windows-amd64-cygwin\jdk8u202\12323\hotspot\src\share\vm\runtime\sharedRuntime.cpp, line 605]
Event: 1.212 Thread 0x000000001e8d4000 Exception <a 'java/lang/ArrayIndexOutOfBoundsException'> (0x000000076f270160) thrown at [C:\re\workspace\8-2-build-windows-amd64-cygwin\jdk8u202\12323\hotspot\src\share\vm\runtime\sharedRuntime.cpp, line 605]
Event: 1.212 Thread 0x000000001e8d4000 Exception <a 'java/lang/ArrayIndexOutOfBoundsException'> (0x000000076f270f78) thrown at [C:\re\workspace\8-2-build-windows-amd64-cygwin\jdk8u202\12323\hotspot\src\share\vm\runtime\sharedRuntime.cpp, line 605]
Event: 1.213 Thread 0x000000001e8d4000 Exception <a 'java/lang/ArrayIndexOutOfBoundsException'> (0x000000076f2727e8) thrown at [C:\re\workspace\8-2-build-windows-amd64-cygwin\jdk8u202\12323\hotspot\src\share\vm\runtime\sharedRuntime.cpp, line 605]
Event: 1.237 Thread 0x000000001e8d4000 Implicit null exception at 0x00000000027cd017 to 0x00000000027cd415
Event: 1.550 Thread 0x000000001e8d4000 Implicit null exception at 0x00000000027ee9f5 to 0x00000000027eed11
Event: 1.550 Thread 0x000000001e8d4000 Implicit null exception at 0x00000000028b5ad8 to 0x00000000028b5b66
Event: 2.127 Thread 0x000000001e8d4000 Implicit null exception at 0x0000000002a3578c to 0x0000000002a35e91

Events (10 events):
Event: 2.155 loading class com/sun/glass/ui/Size
Event: 2.155 loading class com/sun/glass/ui/Size done
Event: 2.156 loading class com/sun/javafx/tk/quantum/GlassViewEventHandler
Event: 2.156 loading class com/sun/javafx/tk/quantum/GlassViewEventHandler done
Event: 2.156 loading class javafx/scene/input/MouseEvent$Flags
Event: 2.156 loading class javafx/scene/input/MouseEvent$Flags done
Event: 2.157 loading class javafx/scene/input/PickResult
Event: 2.157 loading class javafx/scene/input/PickResult done
Event: 2.157 loading class com/sun/javafx/scene/input/InputEventUtils
Event: 2.157 loading class com/sun/javafx/scene/input/InputEventUtils done


Dynamic libraries:
0x00007ff7b58d0000 - 0x00007ff7b5907000 	C:\Program Files\Java\jdk1.8.0_202\bin\java.exe
0x00007ff9440f0000 - 0x00007ff9442e8000 	C:\WINDOWS\SYSTEM32\ntdll.dll
0x00007ff943bb0000 - 0x00007ff943c6f000 	C:\WINDOWS\System32\KERNEL32.DLL
0x00007ff941c50000 - 0x00007ff941f46000 	C:\WINDOWS\System32\KERNELBASE.dll
0x00007ff942870000 - 0x00007ff94291f000 	C:\WINDOWS\System32\ADVAPI32.dll
0x00007ff943e10000 - 0x00007ff943eae000 	C:\WINDOWS\System32\msvcrt.dll
0x00007ff9422d0000 - 0x00007ff94236c000 	C:\WINDOWS\System32\sechost.dll
0x00007ff943eb0000 - 0x00007ff943fd6000 	C:\WINDOWS\System32\RPCRT4.dll
0x00007ff943c70000 - 0x00007ff943e0d000 	C:\WINDOWS\System32\USER32.dll
0x00007ff941990000 - 0x00007ff9419b2000 	C:\WINDOWS\System32\win32u.dll
0x00007ff943280000 - 0x00007ff9432ac000 	C:\WINDOWS\System32\GDI32.dll
0x00007ff941870000 - 0x00007ff941985000 	C:\WINDOWS\System32\gdi32full.dll
0x00007ff9417d0000 - 0x00007ff94186d000 	C:\WINDOWS\System32\msvcp_win.dll
0x00007ff942000000 - 0x00007ff942100000 	C:\WINDOWS\System32\ucrtbase.dll
0x00007ff927e70000 - 0x00007ff92810a000 	C:\WINDOWS\WinSxS\amd64_microsoft.windows.common-controls_6595b64144ccf1df_6.0.19041.1110_none_60b5254171f9507e\COMCTL32.dll
0x00007ff943800000 - 0x00007ff943830000 	C:\WINDOWS\System32\IMM32.DLL
0x00000000593a0000 - 0x0000000059472000 	C:\Program Files\Java\jdk1.8.0_202\jre\bin\msvcr100.dll
0x0000000059480000 - 0x0000000059d25000 	C:\Program Files\Java\jdk1.8.0_202\jre\bin\server\jvm.dll
0x00007ff9440a0000 - 0x00007ff9440a8000 	C:\WINDOWS\System32\PSAPI.DLL
0x00007ff93c150000 - 0x00007ff93c159000 	C:\WINDOWS\SYSTEM32\WSOCK32.dll
0x00007ff929f20000 - 0x00007ff929f47000 	C:\WINDOWS\SYSTEM32\WINMM.dll
0x00007ff937d50000 - 0x00007ff937d5a000 	C:\WINDOWS\SYSTEM32\VERSION.dll
0x00007ff943210000 - 0x00007ff94327b000 	C:\WINDOWS\System32\WS2_32.dll
0x00007ff93e0c0000 - 0x00007ff93e0cf000 	C:\Program Files\Java\jdk1.8.0_202\jre\bin\verify.dll
0x00007ff925960000 - 0x00007ff925989000 	C:\Program Files\Java\jdk1.8.0_202\jre\bin\java.dll
0x00007ff93b490000 - 0x00007ff93b4a6000 	C:\Program Files\Java\jdk1.8.0_202\jre\bin\zip.dll
0x00007ff942920000 - 0x00007ff943064000 	C:\WINDOWS\System32\SHELL32.dll
0x00007ff93f780000 - 0x00007ff93ff13000 	C:\WINDOWS\SYSTEM32\windows.storage.dll
0x00007ff9424a0000 - 0x00007ff9427f4000 	C:\WINDOWS\System32\combase.dll
0x00007ff941150000 - 0x00007ff94117e000 	C:\WINDOWS\SYSTEM32\Wldp.dll
0x00007ff943950000 - 0x00007ff9439fd000 	C:\WINDOWS\System32\SHCORE.dll
0x00007ff943fe0000 - 0x00007ff944035000 	C:\WINDOWS\System32\shlwapi.dll
0x00007ff941710000 - 0x00007ff94172f000 	C:\WINDOWS\SYSTEM32\profapi.dll
0x00000000022f0000 - 0x00000000022f3000 	C:\Program Files\Java\jdk1.8.0_202\jre\bin\api-ms-win-core-console-l1-1-0.dll
0x0000000002300000 - 0x0000000002303000 	C:\Program Files\Java\jdk1.8.0_202\jre\bin\api-ms-win-core-datetime-l1-1-0.dll
0x0000000002420000 - 0x0000000002423000 	C:\Program Files\Java\jdk1.8.0_202\jre\bin\api-ms-win-core-debug-l1-1-0.dll
0x0000000002430000 - 0x0000000002433000 	C:\Program Files\Java\jdk1.8.0_202\jre\bin\api-ms-win-core-errorhandling-l1-1-0.dll
0x0000000002440000 - 0x0000000002444000 	C:\Program Files\Java\jdk1.8.0_202\jre\bin\api-ms-win-core-file-l1-1-0.dll
0x0000000002450000 - 0x0000000002453000 	C:\Program Files\Java\jdk1.8.0_202\jre\bin\api-ms-win-core-file-l1-2-0.dll
0x0000000002460000 - 0x0000000002463000 	C:\Program Files\Java\jdk1.8.0_202\jre\bin\api-ms-win-core-file-l2-1-0.dll
0x000000001f030000 - 0x000000001f033000 	C:\Program Files\Java\jdk1.8.0_202\jre\bin\api-ms-win-core-handle-l1-1-0.dll
0x000000001f040000 - 0x000000001f043000 	C:\Program Files\Java\jdk1.8.0_202\jre\bin\api-ms-win-core-heap-l1-1-0.dll
0x000000001f050000 - 0x000000001f053000 	C:\Program Files\Java\jdk1.8.0_202\jre\bin\api-ms-win-core-interlocked-l1-1-0.dll
0x000000001f060000 - 0x000000001f063000 	C:\Program Files\Java\jdk1.8.0_202\jre\bin\api-ms-win-core-libraryloader-l1-1-0.dll
0x000000001f070000 - 0x000000001f073000 	C:\Program Files\Java\jdk1.8.0_202\jre\bin\api-ms-win-core-localization-l1-2-0.dll
0x000000001f080000 - 0x000000001f083000 	C:\Program Files\Java\jdk1.8.0_202\jre\bin\api-ms-win-core-memory-l1-1-0.dll
0x000000001f090000 - 0x000000001f093000 	C:\Program Files\Java\jdk1.8.0_202\jre\bin\api-ms-win-core-namedpipe-l1-1-0.dll
0x000000001f0a0000 - 0x000000001f0a3000 	C:\Program Files\Java\jdk1.8.0_202\jre\bin\api-ms-win-core-processenvironment-l1-1-0.dll
0x000000001f0b0000 - 0x000000001f0b3000 	C:\Program Files\Java\jdk1.8.0_202\jre\bin\api-ms-win-core-processthreads-l1-1-0.dll
0x000000001f0c0000 - 0x000000001f0c3000 	C:\Program Files\Java\jdk1.8.0_202\jre\bin\api-ms-win-core-processthreads-l1-1-1.dll
0x000000001f0d0000 - 0x000000001f0d3000 	C:\Program Files\Java\jdk1.8.0_202\jre\bin\api-ms-win-core-profile-l1-1-0.dll
0x000000001f0e0000 - 0x000000001f0e3000 	C:\Program Files\Java\jdk1.8.0_202\jre\bin\api-ms-win-core-rtlsupport-l1-1-0.dll
0x000000001f0f0000 - 0x000000001f0f3000 	C:\Program Files\Java\jdk1.8.0_202\jre\bin\api-ms-win-core-string-l1-1-0.dll
0x000000001f100000 - 0x000000001f103000 	C:\Program Files\Java\jdk1.8.0_202\jre\bin\api-ms-win-core-synch-l1-1-0.dll
0x000000001f110000 - 0x000000001f113000 	C:\Program Files\Java\jdk1.8.0_202\jre\bin\api-ms-win-core-synch-l1-2-0.dll
0x000000001f120000 - 0x000000001f123000 	C:\Program Files\Java\jdk1.8.0_202\jre\bin\api-ms-win-core-sysinfo-l1-1-0.dll
0x000000001f130000 - 0x000000001f133000 	C:\Program Files\Java\jdk1.8.0_202\jre\bin\api-ms-win-core-timezone-l1-1-0.dll
0x000000001f140000 - 0x000000001f143000 	C:\Program Files\Java\jdk1.8.0_202\jre\bin\api-ms-win-core-util-l1-1-0.dll
0x000000001f150000 - 0x000000001f153000 	C:\Program Files\Java\jdk1.8.0_202\jre\bin\api-ms-win-crt-conio-l1-1-0.dll
0x000000001f160000 - 0x000000001f164000 	C:\Program Files\Java\jdk1.8.0_202\jre\bin\api-ms-win-crt-convert-l1-1-0.dll
0x000000001f170000 - 0x000000001f173000 	C:\Program Files\Java\jdk1.8.0_202\jre\bin\api-ms-win-crt-environment-l1-1-0.dll
0x000000001f180000 - 0x000000001f183000 	C:\Program Files\Java\jdk1.8.0_202\jre\bin\api-ms-win-crt-filesystem-l1-1-0.dll
0x000000001f190000 - 0x000000001f193000 	C:\Program Files\Java\jdk1.8.0_202\jre\bin\api-ms-win-crt-heap-l1-1-0.dll
0x000000001f1a0000 - 0x000000001f1a3000 	C:\Program Files\Java\jdk1.8.0_202\jre\bin\api-ms-win-crt-locale-l1-1-0.dll
0x000000001f1b0000 - 0x000000001f1b5000 	C:\Program Files\Java\jdk1.8.0_202\jre\bin\api-ms-win-crt-math-l1-1-0.dll
0x000000001f1c0000 - 0x000000001f1c5000 	C:\Program Files\Java\jdk1.8.0_202\jre\bin\api-ms-win-crt-multibyte-l1-1-0.dll
0x000000001f1d0000 - 0x000000001f1e0000 	C:\Program Files\Java\jdk1.8.0_202\jre\bin\api-ms-win-crt-private-l1-1-0.dll
0x000000001f1e0000 - 0x000000001f1e3000 	C:\Program Files\Java\jdk1.8.0_202\jre\bin\api-ms-win-crt-process-l1-1-0.dll
0x000000001f1f0000 - 0x000000001f1f4000 	C:\Program Files\Java\jdk1.8.0_202\jre\bin\api-ms-win-crt-runtime-l1-1-0.dll
0x000000001f200000 - 0x000000001f204000 	C:\Program Files\Java\jdk1.8.0_202\jre\bin\api-ms-win-crt-stdio-l1-1-0.dll
0x000000001f210000 - 0x000000001f214000 	C:\Program Files\Java\jdk1.8.0_202\jre\bin\api-ms-win-crt-string-l1-1-0.dll
0x000000001f220000 - 0x000000001f223000 	C:\Program Files\Java\jdk1.8.0_202\jre\bin\api-ms-win-crt-time-l1-1-0.dll
0x000000001f230000 - 0x000000001f233000 	C:\Program Files\Java\jdk1.8.0_202\jre\bin\api-ms-win-crt-utility-l1-1-0.dll
0x00007ff91c1c0000 - 0x00007ff91c2b6000 	C:\Program Files\Java\jdk1.8.0_202\jre\bin\ucrtbase.dll
0x00007ff93b370000 - 0x00007ff93b386000 	C:\Program Files\Java\jdk1.8.0_202\jre\bin\vcruntime140.dll
0x00007ff927680000 - 0x00007ff92771c000 	C:\Program Files\Java\jdk1.8.0_202\jre\bin\msvcp140.dll
0x00007ff9257f0000 - 0x00007ff925841000 	C:\Program Files\Java\jdk1.8.0_202\jre\bin\concrt140.dll
0x00007ff93b2c0000 - 0x00007ff93b2e3000 	C:\Program Files\Java\jdk1.8.0_202\jre\bin\prism_d3d.dll
0x00007ff91bff0000 - 0x00007ff91c1bd000 	C:\WINDOWS\system32\d3d9.dll
0x00007ff940190000 - 0x00007ff9401a2000 	C:\WINDOWS\SYSTEM32\kernel.appcore.dll
0x00007ff93f0e0000 - 0x00007ff93f10f000 	C:\WINDOWS\SYSTEM32\dwmapi.dll
0x00007ff93ef20000 - 0x00007ff93efbe000 	C:\WINDOWS\system32\uxtheme.dll
0x00007ff911390000 - 0x00007ff9114f1000 	C:\WINDOWS\System32\DriverStore\FileRepository\30_lenovo_cml_iigd_dch.inf_amd64_e00d3fa937058e03\igdumdim64.dll
0x00007ff8c58d0000 - 0x00007ff8c92d1000 	C:\WINDOWS\System32\DriverStore\FileRepository\30_lenovo_cml_iigd_dch.inf_amd64_e00d3fa937058e03\igd9dxva64.dll
0x00007ff942370000 - 0x00007ff94249a000 	C:\WINDOWS\System32\ole32.dll
0x00007ff942200000 - 0x00007ff9422cd000 	C:\WINDOWS\System32\OLEAUT32.dll
0x00007ff943390000 - 0x00007ff9437f8000 	C:\WINDOWS\System32\SETUPAPI.dll
0x00007ff942100000 - 0x00007ff94214e000 	C:\WINDOWS\System32\cfgmgr32.dll
0x00007ff9419c0000 - 0x00007ff9419e7000 	C:\WINDOWS\System32\bcrypt.dll
0x00007ff932410000 - 0x00007ff932629000 	C:\WINDOWS\System32\DriverStore\FileRepository\30_lenovo_cml_iigd_dch.inf_amd64_e00d3fa937058e03\igdgmm64.dll
0x00007ff927630000 - 0x00007ff927679000 	C:\Program Files\Java\jdk1.8.0_202\jre\bin\glass.dll
0x00007ff9432b0000 - 0x00007ff94338a000 	C:\WINDOWS\System32\COMDLG32.dll
0x00007ff943830000 - 0x00007ff943944000 	C:\WINDOWS\System32\MSCTF.dll
0x00007ff9419f0000 - 0x00007ff941a72000 	C:\WINDOWS\System32\bcryptPrimitives.dll
0x00007ff920a30000 - 0x00007ff920a58000 	C:\WINDOWS\System32\DriverStore\FileRepository\30_lenovo_cml_iigd_dch.inf_amd64_e00d3fa937058e03\igdinfo64.dll
0x00007ff92f9b0000 - 0x00007ff93240d000 	C:\WINDOWS\System32\DriverStore\FileRepository\30_lenovo_cml_iigd_dch.inf_amd64_e00d3fa937058e03\igc64.dll
0x00007ff93b5d0000 - 0x00007ff93b60b000 	C:\WINDOWS\SYSTEM32\dxcore.dll
0x00007ff93b350000 - 0x00007ff93b364000 	C:\Program Files\Java\jdk1.8.0_202\jre\bin\javafx_font.dll
0x00007ff93b090000 - 0x00007ff93b0aa000 	C:\Program Files\Java\jdk1.8.0_202\jre\bin\net.dll
0x00007ff932e00000 - 0x00007ff932fec000 	C:\WINDOWS\SYSTEM32\urlmon.dll
0x00007ff933b20000 - 0x00007ff933dd1000 	C:\WINDOWS\SYSTEM32\iertutil.dll
0x00007ff9332f0000 - 0x00007ff933318000 	C:\WINDOWS\SYSTEM32\srvcli.dll
0x00007ff940cb0000 - 0x00007ff940cbc000 	C:\WINDOWS\SYSTEM32\netutils.dll
0x00007ff940eb0000 - 0x00007ff940f1a000 	C:\WINDOWS\system32\mswsock.dll
0x00007ff940be0000 - 0x00007ff940cab000 	C:\WINDOWS\SYSTEM32\DNSAPI.dll
0x00007ff940ba0000 - 0x00007ff940bdc000 	C:\WINDOWS\SYSTEM32\IPHLPAPI.DLL
0x00007ff942800000 - 0x00007ff942808000 	C:\WINDOWS\System32\NSI.dll
0x00007ff937e70000 - 0x00007ff937e7a000 	C:\Windows\System32\rasadhlp.dll
0x00007ff936cf0000 - 0x00007ff936d72000 	C:\WINDOWS\System32\fwpuclnt.dll
0x00007ff92ef90000 - 0x00007ff92f20f000 	C:\WINDOWS\SYSTEM32\dwrite.dll
0x00007ff942150000 - 0x00007ff9421f9000 	C:\WINDOWS\System32\clbcatq.dll
0x00007ff9391f0000 - 0x00007ff9393a4000 	C:\WINDOWS\SYSTEM32\WindowsCodecs.dll
0x00007ff91d330000 - 0x00007ff91d36e000 	C:\WINDOWS\system32\dataexchange.dll
0x00007ff93cd50000 - 0x00007ff93cfb3000 	C:\WINDOWS\system32\d3d11.dll
0x00007ff93de70000 - 0x00007ff93e053000 	C:\WINDOWS\system32\dcomp.dll
0x00007ff9401b0000 - 0x00007ff9402a3000 	C:\WINDOWS\system32\dxgi.dll
0x00007ff93c820000 - 0x00007ff93ca20000 	C:\WINDOWS\system32\twinapi.appcore.dll
0x00007ff938e20000 - 0x00007ff938e54000 	C:\Program Files\Common Files\Microsoft Shared\Ink\rtscom.dll
0x00007ff939ac0000 - 0x00007ff939bba000 	C:\WINDOWS\SYSTEM32\textinputframework.dll
0x00007ff93e7a0000 - 0x00007ff93eafe000 	C:\WINDOWS\System32\CoreUIComponents.dll
0x00007ff93e210000 - 0x00007ff93e302000 	C:\WINDOWS\System32\CoreMessaging.dll
0x00007ff940910000 - 0x00007ff940943000 	C:\WINDOWS\SYSTEM32\ntmarta.dll
0x00007ff93d9e0000 - 0x00007ff93db34000 	C:\WINDOWS\SYSTEM32\wintypes.dll

VM Arguments:
jvm_args: -Dfile.encoding=UTF-8 
java_command: tn.eduVision.GUI.test
java_class_path (initial): C:\Program Files (x86)\NetBeans 8.2\ide\modules\ext\mysql-connector-java-5.1.23-bin.jar;C:\Users\bhsan\OneDrive\Bureau\pi dev master\Foundation\build\classes
Launcher Type: SUN_STANDARD

Environment Variables:
JAVA_HOME=C:\Program Files\Java\jdk1.8.0_202
PATH=C:\oraclexe\app\oracle\product\11.2.0\server\bin;;C:\Program Files (x86)\Common Files\Oracle\Java\javapath;C:\oraclexe\app\oracle\product\11.2.0\server\bin;C:\WINDOWS\system32;C:\WINDOWS;C:\WINDOWS\System32\Wbem;C:\WINDOWS\System32\WindowsPowerShell\v1.0\;C:\WINDOWS\System32\OpenSSH\;C:\Program Files\PuTTY\;C:\Program Files\Git\cmd;C:\Program Files\Java\jdk1.8.0_202;C:\Users\bhsan\OneDrive\Bureau\TP SOA\new tp\wildfly-11.0.0;C:\Program Files\nodejs\;C:\wamp64\bin\php\php5.6.40;C:\composer;C:\Program Files\GitHub CLI\;C:\Users\bhsan\scoop\shims;C:\Users\bhsan\AppData\Local\Programs\Python\Python38\Scripts\;C:\Users\bhsan\AppData\Local\Programs\Python\Python38\;C:\Users\bhsan\AppData\Local\Microsoft\WindowsApps;C:\Flex Windows\gcc\bin;C:\Flex Windows\Lex\bin;C:\Flex Windows\bison\bin;C:\Users\bhsan\AppData\Roaming\npm;C:\Users\bhsan\AppData\Local\Programs\MiKTeX\miktex\bin\x64\;C:\Users\bhsan\AppData\Roaming\Composer\vendor\bin;C:\xampp\php;C:\Users\bhsan\AppData\Local\GitHubDesktop\bin
USERNAME=bhsan
OS=Windows_NT
PROCESSOR_IDENTIFIER=Intel64 Family 6 Model 142 Stepping 12, GenuineIntel



---------------  S Y S T E M  ---------------

OS: Windows 10.0 , 64 bit Build 19041 (10.0.19041.2913)

CPU:total 8 (initial active 8) (4 cores per cpu, 2 threads per core) family 6 model 142 stepping 12, cmov, cx8, fxsr, mmx, sse, sse2, sse3, ssse3, sse4.1, sse4.2, popcnt, avx, avx2, aes, clmul, erms, 3dnowpref, lzcnt, ht, tsc, tscinvbit, bmi1, bmi2, adx

Memory: 4k page, physical 16167988k(7146544k free), swap 21679080k(5124k free)

vm_info: Java HotSpot(TM) 64-Bit Server VM (25.202-b08) for windows-amd64 JRE (1.8.0_202-b08), built on Dec 15 2018 19:54:30 by "java_re" with MS VC++ 10.0 (VS2010)

time: Thu Jun 22 01:55:47 2023
timezone: Afr. centrale Ouest
elapsed time: 2 seconds (0d 0h 0m 2s)

