#
# There is insufficient memory for the Java Runtime Environment to continue.
# Native memory allocation (malloc) failed to allocate 1048576 bytes for AllocateHeap
# Possible reasons:
#   The system is out of physical RAM or swap space
#   The process is running with CompressedOops enabled, and the Java Heap may be blocking the growth of the native heap
# Possible solutions:
#   Reduce memory load on the system
#   Increase physical memory or swap space
#   Check if swap backing store is full
#   Decrease Java heap size (-Xmx/-Xms)
#   Decrease number of Java threads
#   Decrease Java thread stack sizes (-Xss)
#   Set larger code cache with -XX:ReservedCodeCacheSize=
#   JVM is running with Zero Based Compressed Oops mode in which the Java heap is
#     placed in the first 32GB address space. The Java Heap base address is the
#     maximum limit for the native heap growth. Please use -XX:HeapBaseMinAddress
#     to set the Java Heap base and to place the Java Heap above 32GB virtual address.
# This output file may be truncated or incomplete.
#
#  Out of Memory Error (memory/allocation.inline.hpp:61), pid=13696, tid=0x0000000000004e4c
#
# JRE version:  (8.0_202-b08) (build )
# Java VM: Java HotSpot(TM) 64-Bit Server VM (25.202-b08 mixed mode windows-amd64 compressed oops)
# Failed to write core dump. Minidumps are not enabled by default on client versions of Windows
#

---------------  T H R E A D  ---------------

Current thread (0x0000000002f6e800):  JavaThread "Unknown thread" [_thread_in_vm, id=20044, stack(0x0000000002c80000,0x0000000002d80000)]

Stack: [0x0000000002c80000,0x0000000002d80000]
[error occurred during error reporting (printing stack bounds), id 0xc0000005]

Native frames: (J=compiled Java code, j=interpreted, Vv=VM code, C=native code)


---------------  P R O C E S S  ---------------

Java Threads: ( => current thread )

Other Threads:

=>0x0000000002f6e800 (exited) JavaThread "Unknown thread" [_thread_in_vm, id=20044, stack(0x0000000002c80000,0x0000000002d80000)]

VM state:not at safepoint (normal execution)

VM Mutex/Monitor currently owned by a thread: None

heap address: 0x00000006c9400000, size: 3948 MB, Compressed Oops mode: Zero based, Oop shift amount: 3
Narrow klass base: 0x0000000000000000, Narrow klass shift: 3
Compressed class space size: 1073741824 Address: 0x00000007c0000000

Heap:
 PSYoungGen      total 74240K, used 1280K [0x000000076dc00000, 0x0000000772e80000, 0x00000007c0000000)
  eden space 64000K, 2% used [0x000000076dc00000,0x000000076dd40010,0x0000000771a80000)
  from space 10240K, 0% used [0x0000000772480000,0x0000000772480000,0x0000000772e80000)
  to   space 10240K, 0% used [0x0000000771a80000,0x0000000771a80000,0x0000000772480000)
 ParOldGen       total 169472K, used 0K [0x00000006c9400000, 0x00000006d3980000, 0x000000076dc00000)
  object space 169472K, 0% used [0x00000006c9400000,0x00000006c9400000,0x00000006d3980000)
 Metaspace       used 775K, capacity 4480K, committed 4480K, reserved 1056768K
  class space    used 76K, capacity 384K, committed 384K, reserved 1048576K

Card table byte_map: [0x0000000012330000,0x0000000012af0000] byte_map_base: 0x000000000ece6000

Marking Bits: (ParMarkBitMap*) 0x0000000059ca5ce0
 Begin Bits: [0x0000000013820000, 0x00000000175d0000)
 End Bits:   [0x00000000175d0000, 0x000000001b380000)

Polling page: 0x0000000001080000

CodeCache: size=245760Kb used=328Kb max_used=328Kb free=245431Kb
 bounds [0x0000000002f70000, 0x00000000031e0000, 0x0000000011f70000]
 total_blobs=58 nmethods=0 adapters=38
 compilation: enabled

Compilation events (0 events):
No events

GC Heap History (0 events):
No events

Deoptimization events (0 events):
No events

Classes redefined (0 events):
No events

Internal exceptions (0 events):
No events

Events (10 events):
Event: 0.018 loading class java/lang/Short
Event: 0.018 loading class java/lang/Short done
Event: 0.018 loading class java/lang/Integer
Event: 0.018 loading class java/lang/Integer done
Event: 0.019 loading class java/lang/Long
Event: 0.019 loading class java/lang/Long done
Event: 0.019 loading class java/lang/NullPointerException
Event: 0.019 loading class java/lang/NullPointerException done
Event: 0.019 loading class java/lang/ArithmeticException
Event: 0.019 loading class java/lang/ArithmeticException done


Dynamic libraries:
0x00007ff7a3e90000 - 0x00007ff7a3ec7000 	C:\Program Files\Java\jdk1.8.0_202\bin\java.exe
0x00007ff9440f0000 - 0x00007ff9442e8000 	C:\WINDOWS\SYSTEM32\ntdll.dll
0x00007ff943bb0000 - 0x00007ff943c6f000 	C:\WINDOWS\System32\KERNEL32.DLL
0x00007ff941c50000 - 0x00007ff941f46000 	C:\WINDOWS\System32\KERNELBASE.dll
0x00007ff942870000 - 0x00007ff94291f000 	C:\WINDOWS\System32\ADVAPI32.dll
0x00007ff943e10000 - 0x00007ff943eae000 	C:\WINDOWS\System32\msvcrt.dll
0x00007ff9422d0000 - 0x00007ff94236c000 	C:\WINDOWS\System32\sechost.dll
0x00007ff943eb0000 - 0x00007ff943fd6000 	C:\WINDOWS\System32\RPCRT4.dll
0x00007ff943c70000 - 0x00007ff943e0d000 	C:\WINDOWS\System32\USER32.dll
0x00007ff941990000 - 0x00007ff9419b2000 	C:\WINDOWS\System32\win32u.dll
0x00007ff943280000 - 0x00007ff9432ac000 	C:\WINDOWS\System32\GDI32.dll
0x00007ff941870000 - 0x00007ff941985000 	C:\WINDOWS\System32\gdi32full.dll
0x00007ff9417d0000 - 0x00007ff94186d000 	C:\WINDOWS\System32\msvcp_win.dll
0x00007ff942000000 - 0x00007ff942100000 	C:\WINDOWS\System32\ucrtbase.dll
0x00007ff927e70000 - 0x00007ff92810a000 	C:\WINDOWS\WinSxS\amd64_microsoft.windows.common-controls_6595b64144ccf1df_6.0.19041.1110_none_60b5254171f9507e\COMCTL32.dll
0x00007ff943800000 - 0x00007ff943830000 	C:\WINDOWS\System32\IMM32.DLL
0x00000000593a0000 - 0x0000000059472000 	C:\Program Files\Java\jdk1.8.0_202\jre\bin\msvcr100.dll
0x0000000059480000 - 0x0000000059d25000 	C:\Program Files\Java\jdk1.8.0_202\jre\bin\server\jvm.dll
0x00007ff9440a0000 - 0x00007ff9440a8000 	C:\WINDOWS\System32\PSAPI.DLL
0x00007ff929f20000 - 0x00007ff929f47000 	C:\WINDOWS\SYSTEM32\WINMM.dll
0x00007ff937d50000 - 0x00007ff937d5a000 	C:\WINDOWS\SYSTEM32\VERSION.dll
0x00007ff93c150000 - 0x00007ff93c159000 	C:\WINDOWS\SYSTEM32\WSOCK32.dll
0x00007ff943210000 - 0x00007ff94327b000 	C:\WINDOWS\System32\WS2_32.dll
0x00007ff93e0c0000 - 0x00007ff93e0cf000 	C:\Program Files\Java\jdk1.8.0_202\jre\bin\verify.dll
0x00007ff925960000 - 0x00007ff925989000 	C:\Program Files\Java\jdk1.8.0_202\jre\bin\java.dll
0x00007ff93b490000 - 0x00007ff93b4a6000 	C:\Program Files\Java\jdk1.8.0_202\jre\bin\zip.dll

VM Arguments:
jvm_args: -Dfile.encoding=UTF-8 
java_command: tn.eduVision.test.Programme_Module_Matiere_Test
java_class_path (initial): C:\Program Files (x86)\NetBeans 8.2\ide\modules\ext\mysql-connector-java-5.1.23-bin.jar;C:\Users\bhsan\OneDrive\Bureau\pi dev master\Foundation\build\classes
Launcher Type: SUN_STANDARD

Environment Variables:
JAVA_HOME=C:\Program Files\Java\jdk1.8.0_202
PATH=C:\oraclexe\app\oracle\product\11.2.0\server\bin;;C:\Program Files (x86)\Common Files\Oracle\Java\javapath;C:\oraclexe\app\oracle\product\11.2.0\server\bin;C:\WINDOWS\system32;C:\WINDOWS;C:\WINDOWS\System32\Wbem;C:\WINDOWS\System32\WindowsPowerShell\v1.0\;C:\WINDOWS\System32\OpenSSH\;C:\Program Files\PuTTY\;C:\Program Files\Git\cmd;C:\Program Files\Java\jdk1.8.0_202;C:\Users\bhsan\OneDrive\Bureau\TP SOA\new tp\wildfly-11.0.0;C:\Program Files\nodejs\;C:\wamp64\bin\php\php5.6.40;C:\composer;C:\Program Files\GitHub CLI\;C:\Users\bhsan\scoop\shims;C:\Users\bhsan\AppData\Local\Programs\Python\Python38\Scripts\;C:\Users\bhsan\AppData\Local\Programs\Python\Python38\;C:\Users\bhsan\AppData\Local\Microsoft\WindowsApps;C:\Flex Windows\gcc\bin;C:\Flex Windows\Lex\bin;C:\Flex Windows\bison\bin;C:\Users\bhsan\AppData\Roaming\npm;C:\Users\bhsan\AppData\Local\Programs\MiKTeX\miktex\bin\x64\;C:\Users\bhsan\AppData\Roaming\Composer\vendor\bin;C:\xampp\php;C:\Users\bhsan\AppData\Local\GitHubDesktop\bin
USERNAME=bhsan
OS=Windows_NT
PROCESSOR_IDENTIFIER=Intel64 Family 6 Model 142 Stepping 12, GenuineIntel



---------------  S Y S T E M  ---------------

OS: Windows 10.0 , 64 bit Build 19041 (10.0.19041.2913)

CPU:total 8 (initial active 8) (4 cores per cpu, 2 threads per core) family 6 model 142 stepping 12, cmov, cx8, fxsr, mmx, sse, sse2, sse3, ssse3, sse4.1, sse4.2, popcnt, avx, avx2, aes, clmul, erms, 3dnowpref, lzcnt, ht, tsc, tscinvbit, bmi1, bmi2, adx

Memory: 4k page, physical 16167988k(7171096k free), swap 19213264k(5560k free)

vm_info: Java HotSpot(TM) 64-Bit Server VM (25.202-b08) for windows-amd64 JRE (1.8.0_202-b08), built on Dec 15 2018 19:54:30 by "java_re" with MS VC++ 10.0 (VS2010)

time: Fri Jun 09 10:03:22 2023
timezone: Afr. centrale Ouest
elapsed time: 0 seconds (0d 0h 0m 0s)

